running install
running bdist_egg
running egg_info
writing TCGNN.egg-info/PKG-INFO
writing dependency_links to TCGNN.egg-info/dependency_links.txt
writing top-level names to TCGNN.egg-info/top_level.txt
reading manifest file 'TCGNN.egg-info/SOURCES.txt'
writing manifest file 'TCGNN.egg-info/SOURCES.txt'
installing library code to build/bdist.linux-x86_64/egg
running install_lib
running build_ext
building 'TCGNN' extension
Emitting ninja build file /home/ssd2T_1/yuke/TCGNN-Pytorch/TCGNN_conv/build/temp.linux-x86_64-3.7/build.ninja...
Compiling objects...
Allowing ninja to set a default number of workers... (overridable by setting the environment variable MAX_JOBS=N)
[1/1] /usr/local/cuda-11.6/bin/nvcc  -I/home/yuke/anaconda3/envs/tcgnn-new/lib/python3.7/site-packages/torch/include -I/home/yuke/anaconda3/envs/tcgnn-new/lib/python3.7/site-packages/torch/include/torch/csrc/api/include -I/home/yuke/anaconda3/envs/tcgnn-new/lib/python3.7/site-packages/torch/include/TH -I/home/yuke/anaconda3/envs/tcgnn-new/lib/python3.7/site-packages/torch/include/THC -I/usr/local/cuda-11.6/include -I/home/yuke/anaconda3/envs/tcgnn-new/include/python3.7m -c -c /home/ssd2T_1/yuke/TCGNN-Pytorch/TCGNN_conv/TCGNN_kernel.cu -o /home/ssd2T_1/yuke/TCGNN-Pytorch/TCGNN_conv/build/temp.linux-x86_64-3.7/TCGNN_kernel.o -D__CUDA_NO_HALF_OPERATORS__ -D__CUDA_NO_HALF_CONVERSIONS__ -D__CUDA_NO_BFLOAT16_CONVERSIONS__ -D__CUDA_NO_HALF2_OPERATORS__ --expt-relaxed-constexpr --compiler-options ''"'"'-fPIC'"'"'' -DTORCH_API_INCLUDE_EXTENSION_H '-DPYBIND11_COMPILER_TYPE="_gcc"' '-DPYBIND11_STDLIB="_libstdcpp"' '-DPYBIND11_BUILD_ABI="_cxxabi1011"' -DTORCH_EXTENSION_NAME=TCGNN -D_GLIBCXX_USE_CXX11_ABI=0 -gencode=arch=compute_86,code=sm_86 -std=c++14
/home/yuke/anaconda3/envs/tcgnn-new/lib/python3.7/site-packages/torch/include/ATen/core/builtin_function.h(110): warning #20236-D: pragma "diag_suppress" is deprecated, use "nv_diag_suppress" instead

/home/yuke/anaconda3/envs/tcgnn-new/lib/python3.7/site-packages/torch/include/ATen/core/builtin_function.h(117): warning #20236-D: pragma "diag_default" is deprecated, use "nv_diag_default" instead

/home/yuke/anaconda3/envs/tcgnn-new/lib/python3.7/site-packages/torch/include/ATen/core/builtin_function.h(110): warning #20236-D: pragma "diag_suppress" is deprecated, use "nv_diag_suppress" instead

/home/yuke/anaconda3/envs/tcgnn-new/lib/python3.7/site-packages/torch/include/ATen/core/builtin_function.h(117): warning #20236-D: pragma "diag_default" is deprecated, use "nv_diag_default" instead

/home/ssd2T_1/yuke/TCGNN-Pytorch/TCGNN_conv/TCGNN_kernel.cu(87): warning #177-D: variable "lanid" was declared but never referenced

/home/ssd2T_1/yuke/TCGNN-Pytorch/TCGNN_conv/TCGNN_kernel.cu(91): warning #177-D: variable "num_window_edges" was declared but never referenced

/home/ssd2T_1/yuke/TCGNN-Pytorch/TCGNN_conv/TCGNN_kernel.cu(293): warning #177-D: variable "B_size" was declared but never referenced

/home/ssd2T_1/yuke/TCGNN-Pytorch/TCGNN_conv/TCGNN_kernel.cu(294): warning #177-D: variable "C_size" was declared but never referenced

/home/ssd2T_1/yuke/TCGNN-Pytorch/TCGNN_conv/TCGNN_kernel.cu(406): warning #177-D: variable "A_size" was declared but never referenced

/home/ssd2T_1/yuke/TCGNN-Pytorch/TCGNN_conv/TCGNN_kernel.cu(407): warning #177-D: variable "B_size" was declared but never referenced

/home/ssd2T_1/yuke/TCGNN-Pytorch/TCGNN_conv/TCGNN_kernel.cu(522): warning #177-D: variable "dynamic_shared_size" was declared but never referenced

/home/yuke/anaconda3/envs/tcgnn-new/lib/python3.7/site-packages/torch/include/ATen/core/builtin_function.h(110): warning #20236-D: pragma "diag_suppress" is deprecated, use "nv_diag_suppress" instead

/home/yuke/anaconda3/envs/tcgnn-new/lib/python3.7/site-packages/torch/include/ATen/core/builtin_function.h(117): warning #20236-D: pragma "diag_default" is deprecated, use "nv_diag_default" instead

/home/yuke/anaconda3/envs/tcgnn-new/lib/python3.7/site-packages/torch/include/ATen/core/builtin_function.h(110): warning #20236-D: pragma "diag_suppress" is deprecated, use "nv_diag_suppress" instead

/home/yuke/anaconda3/envs/tcgnn-new/lib/python3.7/site-packages/torch/include/ATen/core/builtin_function.h(117): warning #20236-D: pragma "diag_default" is deprecated, use "nv_diag_default" instead

g++ -pthread -shared -B /home/yuke/anaconda3/envs/tcgnn-new/compiler_compat -L/home/yuke/anaconda3/envs/tcgnn-new/lib -Wl,-rpath=/home/yuke/anaconda3/envs/tcgnn-new/lib -Wl,--no-as-needed -Wl,--sysroot=/ /home/ssd2T_1/yuke/TCGNN-Pytorch/TCGNN_conv/build/temp.linux-x86_64-3.7/TCGNN.o /home/ssd2T_1/yuke/TCGNN-Pytorch/TCGNN_conv/build/temp.linux-x86_64-3.7/TCGNN_kernel.o -L/home/yuke/anaconda3/envs/tcgnn-new/lib/python3.7/site-packages/torch/lib -L/usr/local/cuda-11.6/lib64 -lc10 -ltorch -ltorch_cpu -ltorch_python -lcudart -lc10_cuda -ltorch_cuda_cu -ltorch_cuda_cpp -o build/lib.linux-x86_64-3.7/TCGNN.cpython-37m-x86_64-linux-gnu.so
creating build/bdist.linux-x86_64/egg
copying build/lib.linux-x86_64-3.7/TCGNN.cpython-37m-x86_64-linux-gnu.so -> build/bdist.linux-x86_64/egg
creating stub loader for TCGNN.cpython-37m-x86_64-linux-gnu.so
byte-compiling build/bdist.linux-x86_64/egg/TCGNN.py to TCGNN.cpython-37.pyc
creating build/bdist.linux-x86_64/egg/EGG-INFO
copying TCGNN.egg-info/PKG-INFO -> build/bdist.linux-x86_64/egg/EGG-INFO
copying TCGNN.egg-info/SOURCES.txt -> build/bdist.linux-x86_64/egg/EGG-INFO
copying TCGNN.egg-info/dependency_links.txt -> build/bdist.linux-x86_64/egg/EGG-INFO
copying TCGNN.egg-info/top_level.txt -> build/bdist.linux-x86_64/egg/EGG-INFO
writing build/bdist.linux-x86_64/egg/EGG-INFO/native_libs.txt
creating 'dist/TCGNN-0.0.0-py3.7-linux-x86_64.egg' and adding 'build/bdist.linux-x86_64/egg' to it
removing 'build/bdist.linux-x86_64/egg' (and everything under it)
Processing TCGNN-0.0.0-py3.7-linux-x86_64.egg
removing '/home/yuke/anaconda3/envs/tcgnn-new/lib/python3.7/site-packages/TCGNN-0.0.0-py3.7-linux-x86_64.egg' (and everything under it)
creating /home/yuke/anaconda3/envs/tcgnn-new/lib/python3.7/site-packages/TCGNN-0.0.0-py3.7-linux-x86_64.egg
Extracting TCGNN-0.0.0-py3.7-linux-x86_64.egg to /home/yuke/anaconda3/envs/tcgnn-new/lib/python3.7/site-packages
TCGNN 0.0.0 is already the active version in easy-install.pth

Installed /home/yuke/anaconda3/envs/tcgnn-new/lib/python3.7/site-packages/TCGNN-0.0.0-py3.7-linux-x86_64.egg
Processing dependencies for TCGNN==0.0.0
Finished processing dependencies for TCGNN==0.0.0
