TC_Blocks:	455410
Exp_Edges:	58292480
Namespace(classes=22, dataset='amazon0505', dim=16, epochs=10, hidden=16, model='gcn', num_layers=2, single_kernel=False)
Prep. (ms):	672.975
Train (ms):	23.305
TC_Blocks:	201600
Exp_Edges:	25804800
Namespace(classes=12, dataset='artist', dim=16, epochs=10, hidden=16, model='gcn', num_layers=2, single_kernel=False)
Prep. (ms):	282.712
Train (ms):	 4.976
TC_Blocks:	238338
Exp_Edges:	30507264
Namespace(classes=22, dataset='com-amazon', dim=16, epochs=10, hidden=16, model='gcn', num_layers=2, single_kernel=False)
Prep. (ms):	290.155
Train (ms):	16.677
TC_Blocks:	179903
Exp_Edges:	23027584
Namespace(classes=39, dataset='soc-BlogCatalog', dim=16, epochs=10, hidden=16, model='gcn', num_layers=2, single_kernel=False)
Prep. (ms):	296.581
Train (ms):	10.018
TC_Blocks:	316725
Exp_Edges:	40540800
Namespace(classes=22, dataset='amazon0601', dim=16, epochs=10, hidden=16, model='gcn', num_layers=2, single_kernel=False)
Prep. (ms):	442.039
Train (ms):	19.833
=> amazon0505, hiddn: 16

=> artist, hiddn: 16

=> com-amazon, hiddn: 16

=> soc-BlogCatalog, hiddn: 16

=> amazon0601, hiddn: 16

----------------------------
===========================
